2016/03/31 22:34:33 ERROR - jmeter.protocol.http.sampler.HTTPJavaImpl: readResponse: java.net.ConnectException: Connection refused 
2016/03/31 22:34:33 ERROR - jmeter.protocol.http.sampler.HTTPJavaImpl: Cause: java.net.ConnectException: Connection refused 
2016/03/31 22:48:46 ERROR - jmeter.protocol.http.sampler.HTTPJavaImpl: readResponse: java.io.IOException: Server returned HTTP response code: 500 for URL: http://localhost:8081/participants/7BA1EB7AB55B4BA7B02E1A12FCB58433 
2016/03/31 22:48:46 ERROR - jmeter.protocol.http.sampler.HTTPJavaImpl: Cause: java.io.IOException: Server returned HTTP response code: 500 for URL: http://localhost:8081/participants/7BA1EB7AB55B4BA7B02E1A12FCB58433 
2016/03/31 22:48:46 ERROR - jmeter.protocol.http.sampler.HTTPJavaImpl: readResponse: java.io.IOException: Server returned HTTP response code: 500 for URL: http://localhost:8081/participants/7BA1EB7AB55B4BA7B02E1A12FCB58433 
2016/03/31 22:48:46 ERROR - jmeter.protocol.http.sampler.HTTPJavaImpl: Cause: java.io.IOException: Server returned HTTP response code: 500 for URL: http://localhost:8081/participants/7BA1EB7AB55B4BA7B02E1A12FCB58433 
2016/03/31 23:09:24 ERROR - jmeter.protocol.http.sampler.HTTPJavaImpl: readResponse: java.io.IOException: Server returned HTTP response code: 500 for URL: http://localhost:8081/participants/7BA1EB7AB55B4BA7B02E1A12FCB58433 
2016/03/31 23:09:24 ERROR - jmeter.protocol.http.sampler.HTTPJavaImpl: Cause: java.io.IOException: Server returned HTTP response code: 500 for URL: http://localhost:8081/participants/7BA1EB7AB55B4BA7B02E1A12FCB58433 
2016/03/31 23:09:24 ERROR - jmeter.protocol.http.sampler.HTTPJavaImpl: readResponse: java.io.IOException: Server returned HTTP response code: 500 for URL: http://localhost:8081/participants/7BA1EB7AB55B4BA7B02E1A12FCB58433 
2016/03/31 23:09:24 ERROR - jmeter.protocol.http.sampler.HTTPJavaImpl: Cause: java.io.IOException: Server returned HTTP response code: 500 for URL: http://localhost:8081/participants/7BA1EB7AB55B4BA7B02E1A12FCB58433 
2016/03/31 23:10:15 ERROR - jmeter.protocol.http.sampler.HTTPJavaImpl: readResponse: java.io.IOException: Server returned HTTP response code: 500 for URL: http://localhost:8081/participants/7BA1EB7AB55B4BA7B02E1A12FCB58433 
2016/03/31 23:10:15 ERROR - jmeter.protocol.http.sampler.HTTPJavaImpl: Cause: java.io.IOException: Server returned HTTP response code: 500 for URL: http://localhost:8081/participants/7BA1EB7AB55B4BA7B02E1A12FCB58433 
2016/03/31 23:10:15 ERROR - jmeter.protocol.http.sampler.HTTPJavaImpl: readResponse: java.io.IOException: Server returned HTTP response code: 500 for URL: http://localhost:8081/participants/7BA1EB7AB55B4BA7B02E1A12FCB58433 
2016/03/31 23:10:15 ERROR - jmeter.protocol.http.sampler.HTTPJavaImpl: Cause: java.io.IOException: Server returned HTTP response code: 500 for URL: http://localhost:8081/participants/7BA1EB7AB55B4BA7B02E1A12FCB58433 
2016/03/31 23:48:27 ERROR - jmeter.protocol.http.sampler.HTTPJavaImpl: readResponse: java.io.IOException: Server returned HTTP response code: 400 for URL: http://localhost:8081/participants/7BA1EB7AB55B4BA7B02E1A12FCB58433 
2016/03/31 23:48:27 ERROR - jmeter.protocol.http.sampler.HTTPJavaImpl: Cause: java.io.IOException: Server returned HTTP response code: 400 for URL: http://localhost:8081/participants/7BA1EB7AB55B4BA7B02E1A12FCB58433 
2016/03/31 23:48:27 ERROR - jmeter.protocol.http.sampler.HTTPJavaImpl: readResponse: java.io.IOException: Server returned HTTP response code: 400 for URL: http://localhost:8081/participants/7BA1EB7AB55B4BA7B02E1A12FCB58433 
2016/03/31 23:48:27 ERROR - jmeter.protocol.http.sampler.HTTPJavaImpl: Cause: java.io.IOException: Server returned HTTP response code: 400 for URL: http://localhost:8081/participants/7BA1EB7AB55B4BA7B02E1A12FCB58433 
2016/03/31 23:48:27 ERROR - jmeter.protocol.http.sampler.HTTPJavaImpl: readResponse: java.io.IOException: Server returned HTTP response code: 400 for URL: http://localhost:8081/participants/7BA1EB7AB55B4BA7B02E1A12FCB58433 
2016/03/31 23:48:27 ERROR - jmeter.protocol.http.sampler.HTTPJavaImpl: Cause: java.io.IOException: Server returned HTTP response code: 400 for URL: http://localhost:8081/participants/7BA1EB7AB55B4BA7B02E1A12FCB58433 
2016/03/31 23:48:27 ERROR - jmeter.protocol.http.sampler.HTTPJavaImpl: readResponse: java.io.IOException: Server returned HTTP response code: 400 for URL: http://localhost:8081/participants/7BA1EB7AB55B4BA7B02E1A12FCB58433 
2016/03/31 23:48:27 ERROR - jmeter.protocol.http.sampler.HTTPJavaImpl: Cause: java.io.IOException: Server returned HTTP response code: 400 for URL: http://localhost:8081/participants/7BA1EB7AB55B4BA7B02E1A12FCB58433 
2016/03/31 23:48:27 ERROR - jmeter.protocol.http.sampler.HTTPJavaImpl: readResponse: java.io.IOException: Server returned HTTP response code: 400 for URL: http://localhost:8081/participants/7BA1EB7AB55B4BA7B02E1A12FCB58433 
2016/03/31 23:48:27 ERROR - jmeter.protocol.http.sampler.HTTPJavaImpl: Cause: java.io.IOException: Server returned HTTP response code: 400 for URL: http://localhost:8081/participants/7BA1EB7AB55B4BA7B02E1A12FCB58433 
2016/03/31 23:48:27 ERROR - jmeter.protocol.http.sampler.HTTPJavaImpl: readResponse: java.io.IOException: Server returned HTTP response code: 400 for URL: http://localhost:8081/participants/7BA1EB7AB55B4BA7B02E1A12FCB58433 
2016/03/31 23:48:27 ERROR - jmeter.protocol.http.sampler.HTTPJavaImpl: Cause: java.io.IOException: Server returned HTTP response code: 400 for URL: http://localhost:8081/participants/7BA1EB7AB55B4BA7B02E1A12FCB58433 
2016/03/31 23:48:27 ERROR - jmeter.protocol.http.sampler.HTTPJavaImpl: readResponse: java.io.IOException: Server returned HTTP response code: 400 for URL: http://localhost:8081/participants/7BA1EB7AB55B4BA7B02E1A12FCB58433 
2016/03/31 23:48:27 ERROR - jmeter.protocol.http.sampler.HTTPJavaImpl: Cause: java.io.IOException: Server returned HTTP response code: 400 for URL: http://localhost:8081/participants/7BA1EB7AB55B4BA7B02E1A12FCB58433 
2016/03/31 23:48:27 ERROR - jmeter.protocol.http.sampler.HTTPJavaImpl: readResponse: java.io.IOException: Server returned HTTP response code: 400 for URL: http://localhost:8081/participants/7BA1EB7AB55B4BA7B02E1A12FCB58433 
2016/03/31 23:48:27 ERROR - jmeter.protocol.http.sampler.HTTPJavaImpl: Cause: java.io.IOException: Server returned HTTP response code: 400 for URL: http://localhost:8081/participants/7BA1EB7AB55B4BA7B02E1A12FCB58433 
2016/03/31 23:48:27 ERROR - jmeter.protocol.http.sampler.HTTPJavaImpl: readResponse: java.io.IOException: Server returned HTTP response code: 400 for URL: http://localhost:8081/participants/7BA1EB7AB55B4BA7B02E1A12FCB58433 
2016/03/31 23:48:27 ERROR - jmeter.protocol.http.sampler.HTTPJavaImpl: Cause: java.io.IOException: Server returned HTTP response code: 400 for URL: http://localhost:8081/participants/7BA1EB7AB55B4BA7B02E1A12FCB58433 
2016/03/31 23:48:27 ERROR - jmeter.protocol.http.sampler.HTTPJavaImpl: readResponse: java.io.IOException: Server returned HTTP response code: 400 for URL: http://localhost:8081/participants/7BA1EB7AB55B4BA7B02E1A12FCB58433 
2016/03/31 23:48:27 ERROR - jmeter.protocol.http.sampler.HTTPJavaImpl: Cause: java.io.IOException: Server returned HTTP response code: 400 for URL: http://localhost:8081/participants/7BA1EB7AB55B4BA7B02E1A12FCB58433 
2016/03/31 23:49:10 ERROR - jmeter.protocol.http.sampler.HTTPJavaImpl: readResponse: java.io.IOException: Server returned HTTP response code: 400 for URL: http://localhost:8081/participants/7BA1EB7AB55B4BA7B02E1A12FCB58433 
2016/03/31 23:49:10 ERROR - jmeter.protocol.http.sampler.HTTPJavaImpl: Cause: java.io.IOException: Server returned HTTP response code: 400 for URL: http://localhost:8081/participants/7BA1EB7AB55B4BA7B02E1A12FCB58433 
2016/03/31 23:49:10 ERROR - jmeter.protocol.http.sampler.HTTPJavaImpl: readResponse: java.io.IOException: Server returned HTTP response code: 400 for URL: http://localhost:8081/participants/7BA1EB7AB55B4BA7B02E1A12FCB58433 
2016/03/31 23:49:10 ERROR - jmeter.protocol.http.sampler.HTTPJavaImpl: Cause: java.io.IOException: Server returned HTTP response code: 400 for URL: http://localhost:8081/participants/7BA1EB7AB55B4BA7B02E1A12FCB58433 
2016/03/31 23:49:10 ERROR - jmeter.protocol.http.sampler.HTTPJavaImpl: readResponse: java.io.IOException: Server returned HTTP response code: 400 for URL: http://localhost:8081/participants/7BA1EB7AB55B4BA7B02E1A12FCB58433 
2016/03/31 23:49:10 ERROR - jmeter.protocol.http.sampler.HTTPJavaImpl: Cause: java.io.IOException: Server returned HTTP response code: 400 for URL: http://localhost:8081/participants/7BA1EB7AB55B4BA7B02E1A12FCB58433 
2016/03/31 23:49:10 ERROR - jmeter.protocol.http.sampler.HTTPJavaImpl: readResponse: java.io.IOException: Server returned HTTP response code: 400 for URL: http://localhost:8081/participants/7BA1EB7AB55B4BA7B02E1A12FCB58433 
2016/03/31 23:49:10 ERROR - jmeter.protocol.http.sampler.HTTPJavaImpl: Cause: java.io.IOException: Server returned HTTP response code: 400 for URL: http://localhost:8081/participants/7BA1EB7AB55B4BA7B02E1A12FCB58433 
2016/03/31 23:49:10 ERROR - jmeter.protocol.http.sampler.HTTPJavaImpl: readResponse: java.io.IOException: Server returned HTTP response code: 400 for URL: http://localhost:8081/participants/7BA1EB7AB55B4BA7B02E1A12FCB58433 
2016/03/31 23:49:10 ERROR - jmeter.protocol.http.sampler.HTTPJavaImpl: Cause: java.io.IOException: Server returned HTTP response code: 400 for URL: http://localhost:8081/participants/7BA1EB7AB55B4BA7B02E1A12FCB58433 
2016/03/31 23:49:10 ERROR - jmeter.protocol.http.sampler.HTTPJavaImpl: readResponse: java.io.IOException: Server returned HTTP response code: 400 for URL: http://localhost:8081/participants/7BA1EB7AB55B4BA7B02E1A12FCB58433 
2016/03/31 23:49:10 ERROR - jmeter.protocol.http.sampler.HTTPJavaImpl: Cause: java.io.IOException: Server returned HTTP response code: 400 for URL: http://localhost:8081/participants/7BA1EB7AB55B4BA7B02E1A12FCB58433 
2016/03/31 23:49:10 ERROR - jmeter.protocol.http.sampler.HTTPJavaImpl: readResponse: java.io.IOException: Server returned HTTP response code: 400 for URL: http://localhost:8081/participants/7BA1EB7AB55B4BA7B02E1A12FCB58433 
2016/03/31 23:49:10 ERROR - jmeter.protocol.http.sampler.HTTPJavaImpl: readResponse: java.io.IOException: Server returned HTTP response code: 400 for URL: http://localhost:8081/participants/7BA1EB7AB55B4BA7B02E1A12FCB58433 
2016/03/31 23:49:10 ERROR - jmeter.protocol.http.sampler.HTTPJavaImpl: Cause: java.io.IOException: Server returned HTTP response code: 400 for URL: http://localhost:8081/participants/7BA1EB7AB55B4BA7B02E1A12FCB58433 
2016/03/31 23:49:10 ERROR - jmeter.protocol.http.sampler.HTTPJavaImpl: Cause: java.io.IOException: Server returned HTTP response code: 400 for URL: http://localhost:8081/participants/7BA1EB7AB55B4BA7B02E1A12FCB58433 
2016/03/31 23:49:10 ERROR - jmeter.protocol.http.sampler.HTTPJavaImpl: readResponse: java.io.IOException: Server returned HTTP response code: 400 for URL: http://localhost:8081/participants/7BA1EB7AB55B4BA7B02E1A12FCB58433 
2016/03/31 23:49:10 ERROR - jmeter.protocol.http.sampler.HTTPJavaImpl: Cause: java.io.IOException: Server returned HTTP response code: 400 for URL: http://localhost:8081/participants/7BA1EB7AB55B4BA7B02E1A12FCB58433 
2016/03/31 23:51:59 ERROR - jmeter.protocol.http.sampler.HTTPJavaImpl: readResponse: java.io.IOException: Server returned HTTP response code: 500 for URL: http://localhost:8081/participants/2 
2016/03/31 23:51:59 ERROR - jmeter.protocol.http.sampler.HTTPJavaImpl: readResponse: java.io.IOException: Server returned HTTP response code: 500 for URL: http://localhost:8081/participants/1 
2016/03/31 23:51:59 ERROR - jmeter.protocol.http.sampler.HTTPJavaImpl: Cause: java.io.IOException: Server returned HTTP response code: 500 for URL: http://localhost:8081/participants/2 
2016/03/31 23:51:59 ERROR - jmeter.protocol.http.sampler.HTTPJavaImpl: Cause: java.io.IOException: Server returned HTTP response code: 500 for URL: http://localhost:8081/participants/1 
2016/03/31 23:51:59 ERROR - jmeter.protocol.http.sampler.HTTPJavaImpl: readResponse: java.io.IOException: Server returned HTTP response code: 500 for URL: http://localhost:8081/participants/3 
2016/03/31 23:51:59 ERROR - jmeter.protocol.http.sampler.HTTPJavaImpl: Cause: java.io.IOException: Server returned HTTP response code: 500 for URL: http://localhost:8081/participants/3 
2016/04/01 00:02:54 ERROR - jmeter.protocol.http.sampler.HTTPJavaImpl: readResponse: java.io.IOException: Server returned HTTP response code: 500 for URL: http://localhost:8081/participants/1 
2016/04/01 00:02:54 ERROR - jmeter.protocol.http.sampler.HTTPJavaImpl: Cause: java.io.IOException: Server returned HTTP response code: 500 for URL: http://localhost:8081/participants/1 
2016/04/01 00:02:54 ERROR - jmeter.protocol.http.sampler.HTTPJavaImpl: readResponse: java.io.IOException: Server returned HTTP response code: 500 for URL: http://localhost:8081/participants/2 
2016/04/01 00:02:54 ERROR - jmeter.protocol.http.sampler.HTTPJavaImpl: Cause: java.io.IOException: Server returned HTTP response code: 500 for URL: http://localhost:8081/participants/2 
2016/04/01 00:09:22 ERROR - jmeter.protocol.http.sampler.HTTPJavaImpl: readResponse: java.io.IOException: Server returned HTTP response code: 500 for URL: http://localhost:8081/participants/3 
2016/04/01 00:09:22 ERROR - jmeter.protocol.http.sampler.HTTPJavaImpl: Cause: java.io.IOException: Server returned HTTP response code: 500 for URL: http://localhost:8081/participants/3 
2016/04/01 00:09:22 ERROR - jmeter.protocol.http.sampler.HTTPJavaImpl: readResponse: java.io.IOException: Server returned HTTP response code: 500 for URL: http://localhost:8081/participants/2 
2016/04/01 00:09:22 ERROR - jmeter.protocol.http.sampler.HTTPJavaImpl: Cause: java.io.IOException: Server returned HTTP response code: 500 for URL: http://localhost:8081/participants/2 
2016/04/01 00:11:03 ERROR - jmeter.protocol.http.sampler.HTTPJavaImpl: readResponse: java.io.IOException: Server returned HTTP response code: 500 for URL: http://localhost:8081/participants/3 
2016/04/01 00:11:03 ERROR - jmeter.protocol.http.sampler.HTTPJavaImpl: Cause: java.io.IOException: Server returned HTTP response code: 500 for URL: http://localhost:8081/participants/3 
2016/04/01 00:11:03 ERROR - jmeter.protocol.http.sampler.HTTPJavaImpl: readResponse: java.io.IOException: Server returned HTTP response code: 500 for URL: http://localhost:8081/participants/4 
2016/04/01 00:11:03 ERROR - jmeter.protocol.http.sampler.HTTPJavaImpl: Cause: java.io.IOException: Server returned HTTP response code: 500 for URL: http://localhost:8081/participants/4 
2016/04/01 00:11:03 ERROR - jmeter.protocol.http.sampler.HTTPJavaImpl: readResponse: java.io.IOException: Server returned HTTP response code: 400 for URL: http://localhost:8081/participants/2 
2016/04/01 00:11:03 ERROR - jmeter.protocol.http.sampler.HTTPJavaImpl: Cause: java.io.IOException: Server returned HTTP response code: 400 for URL: http://localhost:8081/participants/2 
2016/04/01 00:22:44 ERROR - jmeter.protocol.http.sampler.HTTPJavaImpl: readResponse: java.io.IOException: Server returned HTTP response code: 500 for URL: http://localhost:8081/participants/3 
2016/04/01 00:22:44 ERROR - jmeter.protocol.http.sampler.HTTPJavaImpl: Cause: java.io.IOException: Server returned HTTP response code: 500 for URL: http://localhost:8081/participants/3 
2016/04/01 00:22:44 ERROR - jmeter.protocol.http.sampler.HTTPJavaImpl: readResponse: java.io.IOException: Server returned HTTP response code: 500 for URL: http://localhost:8081/participants/4 
2016/04/01 00:22:44 ERROR - jmeter.protocol.http.sampler.HTTPJavaImpl: Cause: java.io.IOException: Server returned HTTP response code: 500 for URL: http://localhost:8081/participants/4 
2016/04/01 00:22:44 ERROR - jmeter.protocol.http.sampler.HTTPJavaImpl: readResponse: java.io.IOException: Server returned HTTP response code: 500 for URL: http://localhost:8081/participants/1 
2016/04/01 00:22:44 ERROR - jmeter.protocol.http.sampler.HTTPJavaImpl: Cause: java.io.IOException: Server returned HTTP response code: 500 for URL: http://localhost:8081/participants/1 
2016/04/01 00:23:10 ERROR - jmeter.protocol.http.sampler.HTTPJavaImpl: readResponse: java.io.IOException: Server returned HTTP response code: 500 for URL: http://localhost:8081/participants/1 
2016/04/01 00:23:10 ERROR - jmeter.protocol.http.sampler.HTTPJavaImpl: Cause: java.io.IOException: Server returned HTTP response code: 500 for URL: http://localhost:8081/participants/1 
2016/04/01 00:42:48 ERROR - jmeter.protocol.http.sampler.HTTPJavaImpl: readResponse: java.net.SocketException: Socket closed 
2016/04/01 00:42:48 ERROR - jmeter.protocol.http.sampler.HTTPJavaImpl: readResponse: java.net.SocketException: Socket closed 
2016/04/01 00:42:48 ERROR - jmeter.protocol.http.sampler.HTTPJavaImpl: Cause: java.net.SocketException: Socket closed 
2016/04/01 00:42:48 ERROR - jmeter.protocol.http.sampler.HTTPJavaImpl: Cause: java.net.SocketException: Socket closed 
2016/04/01 00:44:56 ERROR - jmeter.protocol.http.sampler.HTTPJavaImpl: readResponse: java.io.IOException: Server returned HTTP response code: 500 for URL: http://localhost:8081/participants/1 
2016/04/01 00:44:56 ERROR - jmeter.protocol.http.sampler.HTTPJavaImpl: Cause: java.io.IOException: Server returned HTTP response code: 500 for URL: http://localhost:8081/participants/1 
2016/04/01 00:44:56 ERROR - jmeter.protocol.http.sampler.HTTPJavaImpl: readResponse: java.io.IOException: Server returned HTTP response code: 500 for URL: http://localhost:8081/participants/1 
2016/04/01 00:44:56 ERROR - jmeter.protocol.http.sampler.HTTPJavaImpl: Cause: java.io.IOException: Server returned HTTP response code: 500 for URL: http://localhost:8081/participants/1 
2016/04/01 00:46:33 ERROR - jmeter.protocol.http.sampler.HTTPJavaImpl: readResponse: java.io.IOException: Server returned HTTP response code: 400 for URL: http://localhost:8081/participants/1 
2016/04/01 00:46:33 ERROR - jmeter.protocol.http.sampler.HTTPJavaImpl: Cause: java.io.IOException: Server returned HTTP response code: 400 for URL: http://localhost:8081/participants/1 
2016/04/01 00:48:55 ERROR - jmeter.protocol.http.sampler.HTTPJavaImpl: readResponse: java.io.IOException: Server returned HTTP response code: 400 for URL: http://localhost:8081/participants/1 
2016/04/01 00:48:55 ERROR - jmeter.protocol.http.sampler.HTTPJavaImpl: Cause: java.io.IOException: Server returned HTTP response code: 400 for URL: http://localhost:8081/participants/1 
2016/04/01 00:50:54 ERROR - jmeter.protocol.http.sampler.HTTPJavaImpl: readResponse: java.io.IOException: Server returned HTTP response code: 400 for URL: http://localhost:8081/participants/1 
2016/04/01 00:50:54 ERROR - jmeter.protocol.http.sampler.HTTPJavaImpl: Cause: java.io.IOException: Server returned HTTP response code: 400 for URL: http://localhost:8081/participants/1 
2016/04/01 00:53:13 ERROR - jmeter.protocol.http.sampler.HTTPJavaImpl: readResponse: java.io.IOException: Server returned HTTP response code: 400 for URL: http://localhost:8081/participants/1 
2016/04/01 00:53:13 ERROR - jmeter.protocol.http.sampler.HTTPJavaImpl: Cause: java.io.IOException: Server returned HTTP response code: 400 for URL: http://localhost:8081/participants/1 
2016/04/01 00:55:23 ERROR - jmeter.protocol.http.sampler.HTTPJavaImpl: readResponse: java.io.IOException: Server returned HTTP response code: 400 for URL: http://localhost:8081/participants/1 
2016/04/01 00:55:23 ERROR - jmeter.protocol.http.sampler.HTTPJavaImpl: Cause: java.io.IOException: Server returned HTTP response code: 400 for URL: http://localhost:8081/participants/1 
2016/04/01 00:56:41 ERROR - jmeter.protocol.http.sampler.HTTPJavaImpl: readResponse: java.io.IOException: Server returned HTTP response code: 400 for URL: http://localhost:8081/participants/1 
2016/04/01 00:56:41 ERROR - jmeter.protocol.http.sampler.HTTPJavaImpl: Cause: java.io.IOException: Server returned HTTP response code: 400 for URL: http://localhost:8081/participants/1 
2016/04/01 00:59:03 ERROR - jmeter.protocol.http.sampler.HTTPJavaImpl: readResponse: java.io.IOException: Server returned HTTP response code: 400 for URL: http://localhost:8081/participants/1 
2016/04/01 00:59:03 ERROR - jmeter.protocol.http.sampler.HTTPJavaImpl: Cause: java.io.IOException: Server returned HTTP response code: 400 for URL: http://localhost:8081/participants/1 
2016/04/01 01:02:04 ERROR - jmeter.protocol.http.sampler.HTTPJavaImpl: readResponse: java.io.IOException: Server returned HTTP response code: 400 for URL: http://localhost:8081/participants/1 
2016/04/01 01:02:04 ERROR - jmeter.protocol.http.sampler.HTTPJavaImpl: Cause: java.io.IOException: Server returned HTTP response code: 400 for URL: http://localhost:8081/participants/1 
2016/04/01 01:02:04 ERROR - jmeter.protocol.http.sampler.HTTPJavaImpl: readResponse: java.io.IOException: Server returned HTTP response code: 400 for URL: http://localhost:8081/participants/1 
2016/04/01 01:02:04 ERROR - jmeter.protocol.http.sampler.HTTPJavaImpl: Cause: java.io.IOException: Server returned HTTP response code: 400 for URL: http://localhost:8081/participants/1 
2016/04/01 01:02:04 ERROR - jmeter.protocol.http.sampler.HTTPJavaImpl: readResponse: java.io.IOException: Server returned HTTP response code: 400 for URL: http://localhost:8081/participants/1 
2016/04/01 01:02:04 ERROR - jmeter.protocol.http.sampler.HTTPJavaImpl: Cause: java.io.IOException: Server returned HTTP response code: 400 for URL: http://localhost:8081/participants/1 
2016/04/01 01:02:04 ERROR - jmeter.protocol.http.sampler.HTTPJavaImpl: readResponse: java.io.IOException: Server returned HTTP response code: 400 for URL: http://localhost:8081/participants/1 
2016/04/01 01:02:04 ERROR - jmeter.protocol.http.sampler.HTTPJavaImpl: readResponse: java.io.IOException: Server returned HTTP response code: 400 for URL: http://localhost:8081/participants/1 
2016/04/01 01:02:04 ERROR - jmeter.protocol.http.sampler.HTTPJavaImpl: Cause: java.io.IOException: Server returned HTTP response code: 400 for URL: http://localhost:8081/participants/1 
2016/04/01 01:02:04 ERROR - jmeter.protocol.http.sampler.HTTPJavaImpl: Cause: java.io.IOException: Server returned HTTP response code: 400 for URL: http://localhost:8081/participants/1 
2016/04/01 01:02:04 ERROR - jmeter.protocol.http.sampler.HTTPJavaImpl: readResponse: java.io.IOException: Server returned HTTP response code: 400 for URL: http://localhost:8081/participants/1 
2016/04/01 01:02:04 ERROR - jmeter.protocol.http.sampler.HTTPJavaImpl: Cause: java.io.IOException: Server returned HTTP response code: 400 for URL: http://localhost:8081/participants/1 
2016/04/01 01:02:04 ERROR - jmeter.protocol.http.sampler.HTTPJavaImpl: readResponse: java.io.IOException: Server returned HTTP response code: 400 for URL: http://localhost:8081/participants/1 
2016/04/01 01:02:04 ERROR - jmeter.protocol.http.sampler.HTTPJavaImpl: Cause: java.io.IOException: Server returned HTTP response code: 400 for URL: http://localhost:8081/participants/1 
2016/04/01 01:03:09 ERROR - jmeter.protocol.http.sampler.HTTPJavaImpl: readResponse: java.io.IOException: Server returned HTTP response code: 400 for URL: http://localhost:8081/participants/7 
2016/04/01 01:03:09 ERROR - jmeter.protocol.http.sampler.HTTPJavaImpl: Cause: java.io.IOException: Server returned HTTP response code: 400 for URL: http://localhost:8081/participants/7 
2016/04/01 01:03:09 ERROR - jmeter.protocol.http.sampler.HTTPJavaImpl: readResponse: java.io.IOException: Server returned HTTP response code: 400 for URL: http://localhost:8081/participants/8 
2016/04/01 01:03:09 ERROR - jmeter.protocol.http.sampler.HTTPJavaImpl: Cause: java.io.IOException: Server returned HTTP response code: 400 for URL: http://localhost:8081/participants/8 
2016/04/01 01:03:09 ERROR - jmeter.protocol.http.sampler.HTTPJavaImpl: readResponse: java.io.IOException: Server returned HTTP response code: 400 for URL: http://localhost:8081/participants/1 
2016/04/01 01:03:09 ERROR - jmeter.protocol.http.sampler.HTTPJavaImpl: Cause: java.io.IOException: Server returned HTTP response code: 400 for URL: http://localhost:8081/participants/1 
2016/04/01 01:03:09 ERROR - jmeter.protocol.http.sampler.HTTPJavaImpl: readResponse: java.io.IOException: Server returned HTTP response code: 400 for URL: http://localhost:8081/participants/3 
2016/04/01 01:03:09 ERROR - jmeter.protocol.http.sampler.HTTPJavaImpl: Cause: java.io.IOException: Server returned HTTP response code: 400 for URL: http://localhost:8081/participants/3 
2016/04/01 01:03:09 ERROR - jmeter.protocol.http.sampler.HTTPJavaImpl: readResponse: java.io.IOException: Server returned HTTP response code: 400 for URL: http://localhost:8081/participants/5 
2016/04/01 01:03:09 ERROR - jmeter.protocol.http.sampler.HTTPJavaImpl: Cause: java.io.IOException: Server returned HTTP response code: 400 for URL: http://localhost:8081/participants/5 
2016/04/01 01:03:09 ERROR - jmeter.protocol.http.sampler.HTTPJavaImpl: readResponse: java.io.IOException: Server returned HTTP response code: 400 for URL: http://localhost:8081/participants/4 
2016/04/01 01:03:09 ERROR - jmeter.protocol.http.sampler.HTTPJavaImpl: Cause: java.io.IOException: Server returned HTTP response code: 400 for URL: http://localhost:8081/participants/4 
2016/04/01 01:03:09 ERROR - jmeter.protocol.http.sampler.HTTPJavaImpl: readResponse: java.io.IOException: Server returned HTTP response code: 400 for URL: http://localhost:8081/participants/6 
2016/04/01 01:03:09 ERROR - jmeter.protocol.http.sampler.HTTPJavaImpl: Cause: java.io.IOException: Server returned HTTP response code: 400 for URL: http://localhost:8081/participants/6 
2016/04/01 01:03:45 ERROR - jmeter.protocol.http.sampler.HTTPJavaImpl: readResponse: java.io.IOException: Server returned HTTP response code: 400 for URL: http://localhost:8081/participants/3 
2016/04/01 01:03:45 ERROR - jmeter.protocol.http.sampler.HTTPJavaImpl: Cause: java.io.IOException: Server returned HTTP response code: 400 for URL: http://localhost:8081/participants/3 
2016/04/01 01:03:45 ERROR - jmeter.protocol.http.sampler.HTTPJavaImpl: readResponse: java.io.IOException: Server returned HTTP response code: 400 for URL: http://localhost:8081/participants/1 
2016/04/01 01:03:45 ERROR - jmeter.protocol.http.sampler.HTTPJavaImpl: Cause: java.io.IOException: Server returned HTTP response code: 400 for URL: http://localhost:8081/participants/1 
2016/04/01 01:03:45 ERROR - jmeter.protocol.http.sampler.HTTPJavaImpl: readResponse: java.io.IOException: Server returned HTTP response code: 400 for URL: http://localhost:8081/participants/5 
2016/04/01 01:03:45 ERROR - jmeter.protocol.http.sampler.HTTPJavaImpl: Cause: java.io.IOException: Server returned HTTP response code: 400 for URL: http://localhost:8081/participants/5 
2016/04/01 01:03:45 ERROR - jmeter.protocol.http.sampler.HTTPJavaImpl: readResponse: java.io.IOException: Server returned HTTP response code: 400 for URL: http://localhost:8081/participants/7 
2016/04/01 01:03:45 ERROR - jmeter.protocol.http.sampler.HTTPJavaImpl: Cause: java.io.IOException: Server returned HTTP response code: 400 for URL: http://localhost:8081/participants/7 
2016/04/01 01:03:45 ERROR - jmeter.protocol.http.sampler.HTTPJavaImpl: readResponse: java.io.IOException: Server returned HTTP response code: 400 for URL: http://localhost:8081/participants/6 
2016/04/01 01:03:45 ERROR - jmeter.protocol.http.sampler.HTTPJavaImpl: Cause: java.io.IOException: Server returned HTTP response code: 400 for URL: http://localhost:8081/participants/6 
2016/04/01 01:03:45 ERROR - jmeter.protocol.http.sampler.HTTPJavaImpl: readResponse: java.io.IOException: Server returned HTTP response code: 400 for URL: http://localhost:8081/participants/2 
2016/04/01 01:03:45 ERROR - jmeter.protocol.http.sampler.HTTPJavaImpl: Cause: java.io.IOException: Server returned HTTP response code: 400 for URL: http://localhost:8081/participants/2 
2016/04/01 01:03:45 ERROR - jmeter.protocol.http.sampler.HTTPJavaImpl: readResponse: java.io.IOException: Server returned HTTP response code: 400 for URL: http://localhost:8081/participants/8 
2016/04/01 01:03:45 ERROR - jmeter.protocol.http.sampler.HTTPJavaImpl: Cause: java.io.IOException: Server returned HTTP response code: 400 for URL: http://localhost:8081/participants/8 
2016/04/01 01:03:50 ERROR - jmeter.protocol.http.sampler.HTTPJavaImpl: readResponse: java.io.IOException: Server returned HTTP response code: 400 for URL: http://localhost:8081/participants/1 
2016/04/01 01:03:50 ERROR - jmeter.protocol.http.sampler.HTTPJavaImpl: Cause: java.io.IOException: Server returned HTTP response code: 400 for URL: http://localhost:8081/participants/1 
2016/04/01 01:03:50 ERROR - jmeter.protocol.http.sampler.HTTPJavaImpl: readResponse: java.io.IOException: Server returned HTTP response code: 400 for URL: http://localhost:8081/participants/2 
2016/04/01 01:03:50 ERROR - jmeter.protocol.http.sampler.HTTPJavaImpl: Cause: java.io.IOException: Server returned HTTP response code: 400 for URL: http://localhost:8081/participants/2 
2016/04/01 01:03:50 ERROR - jmeter.protocol.http.sampler.HTTPJavaImpl: readResponse: java.io.IOException: Server returned HTTP response code: 400 for URL: http://localhost:8081/participants/6 
2016/04/01 01:03:50 ERROR - jmeter.protocol.http.sampler.HTTPJavaImpl: Cause: java.io.IOException: Server returned HTTP response code: 400 for URL: http://localhost:8081/participants/6 
2016/04/01 01:03:50 ERROR - jmeter.protocol.http.sampler.HTTPJavaImpl: readResponse: java.io.IOException: Server returned HTTP response code: 400 for URL: http://localhost:8081/participants/5 
2016/04/01 01:03:50 ERROR - jmeter.protocol.http.sampler.HTTPJavaImpl: Cause: java.io.IOException: Server returned HTTP response code: 400 for URL: http://localhost:8081/participants/5 
2016/04/01 01:03:50 ERROR - jmeter.protocol.http.sampler.HTTPJavaImpl: readResponse: java.io.IOException: Server returned HTTP response code: 400 for URL: http://localhost:8081/participants/7 
2016/04/01 01:03:50 ERROR - jmeter.protocol.http.sampler.HTTPJavaImpl: Cause: java.io.IOException: Server returned HTTP response code: 400 for URL: http://localhost:8081/participants/7 
2016/04/01 01:03:50 ERROR - jmeter.protocol.http.sampler.HTTPJavaImpl: readResponse: java.io.IOException: Server returned HTTP response code: 400 for URL: http://localhost:8081/participants/8 
2016/04/01 01:03:50 ERROR - jmeter.protocol.http.sampler.HTTPJavaImpl: Cause: java.io.IOException: Server returned HTTP response code: 400 for URL: http://localhost:8081/participants/8 
2016/04/01 01:03:50 ERROR - jmeter.protocol.http.sampler.HTTPJavaImpl: readResponse: java.io.IOException: Server returned HTTP response code: 400 for URL: http://localhost:8081/participants/4 
2016/04/01 01:03:50 ERROR - jmeter.protocol.http.sampler.HTTPJavaImpl: Cause: java.io.IOException: Server returned HTTP response code: 400 for URL: http://localhost:8081/participants/4 
2016/04/01 01:03:50 ERROR - jmeter.protocol.http.sampler.HTTPJavaImpl: readResponse: java.io.IOException: Server returned HTTP response code: 400 for URL: http://localhost:8081/participants/3 
2016/04/01 01:03:50 ERROR - jmeter.protocol.http.sampler.HTTPJavaImpl: Cause: java.io.IOException: Server returned HTTP response code: 400 for URL: http://localhost:8081/participants/3 
